F:\MYAPP\PEEPM\DEBUG\PEEPM.EXE
F:\MYAPP\PEEPM\DEBUG\PEEPM.ILK
F:\MYAPP\PEEPM\DEBUG\PEEPM.PDB
F:\MYAPP\PEEPM\PEEPM\DEBUG\BROWSER_EXPLORER.OBJ
F:\MyApp\peepm\peepm\Debug\cl.command.1.tlog
F:\MyApp\peepm\peepm\Debug\CL.read.1.tlog
F:\MyApp\peepm\peepm\Debug\CL.write.1.tlog
F:\MyApp\peepm\peepm\Debug\link.command.1.tlog
F:\MyApp\peepm\peepm\Debug\link.read.1.tlog
F:\MyApp\peepm\peepm\Debug\link.write.1.tlog
F:\MyApp\peepm\peepm\Debug\link-cvtres.read.1.tlog
F:\MyApp\peepm\peepm\Debug\link-cvtres.write.1.tlog
F:\MyApp\peepm\peepm\Debug\mt.command.1.tlog
F:\MyApp\peepm\peepm\Debug\mt.read.1.tlog
F:\MyApp\peepm\peepm\Debug\mt.write.1.tlog
F:\MYAPP\PEEPM\PEEPM\DEBUG\PEEPM.EXE.EMBED.MANIFEST
F:\MYAPP\PEEPM\PEEPM\DEBUG\PEEPM.EXE.EMBED.MANIFEST.RES
F:\MYAPP\PEEPM\PEEPM\DEBUG\PEEPM.EXE.INTERMEDIATE.MANIFEST
F:\MYAPP\PEEPM\PEEPM\DEBUG\PEEPM.OBJ
F:\MYAPP\PEEPM\PEEPM\DEBUG\PEEPM.PCH
F:\MYAPP\PEEPM\PEEPM\DEBUG\PEEPM.RES
F:\MyApp\peepm\peepm\Debug\peepm_manifest.rc
F:\MYAPP\PEEPM\PEEPM\DEBUG\PEEPMBROWSER.OBJ
F:\MYAPP\PEEPM\PEEPM\DEBUG\PEEPMCRACK.OBJ
F:\MYAPP\PEEPM\PEEPM\DEBUG\PEEPMDLG.OBJ
F:\MYAPP\PEEPM\PEEPM\DEBUG\PEEPMUI.OBJ
F:\MYAPP\PEEPM\PEEPM\DEBUG\PEEPMUTIL.OBJ
F:\MyApp\peepm\peepm\Debug\rc.command.1.tlog
F:\MyApp\peepm\peepm\Debug\rc.read.1.tlog
F:\MyApp\peepm\peepm\Debug\rc.write.1.tlog
F:\MYAPP\PEEPM\PEEPM\DEBUG\STDAFX.OBJ
F:\MYAPP\PEEPM\PEEPM\DEBUG\URLBROWSER.OBJ
F:\MYAPP\PEEPM\PEEPM\DEBUG\USERCRACK.OBJ
F:\MYAPP\PEEPM\PEEPM\DEBUG\USERSCRACK.OBJ
F:\MyApp\peepm\peepm\Debug\vc100.idb
F:\MYAPP\PEEPM\PEEPM\DEBUG\VC100.PDB
