F:\MYAPP\PEEPM\PEEPM\RELEASE\BROWSER_EXPLORER.OBJ
F:\MyApp\peepm\peepm\Release\cl.command.1.tlog
F:\MyApp\peepm\peepm\Release\CL.read.1.tlog
F:\MyApp\peepm\peepm\Release\CL.write.1.tlog
F:\MyApp\peepm\peepm\Release\link.command.1.tlog
F:\MyApp\peepm\peepm\Release\link.read.1.tlog
F:\MyApp\peepm\peepm\Release\link.write.1.tlog
F:\MyApp\peepm\peepm\Release\link-cvtres.read.1.tlog
F:\MyApp\peepm\peepm\Release\link-cvtres.write.1.tlog
F:\MyApp\peepm\peepm\Release\mt.command.1.tlog
F:\MyApp\peepm\peepm\Release\mt.read.1.tlog
F:\MyApp\peepm\peepm\Release\mt.write.1.tlog
F:\MYAPP\PEEPM\PEEPM\RELEASE\PEEPM.EXE.INTERMEDIATE.MANIFEST
F:\MYAPP\PEEPM\PEEPM\RELEASE\PEEPM.OBJ
F:\MYAPP\PEEPM\PEEPM\RELEASE\PEEPM.PCH
F:\MYAPP\PEEPM\PEEPM\RELEASE\PEEPM.RES
F:\MYAPP\PEEPM\PEEPM\RELEASE\PEEPMBROWSER.OBJ
F:\MYAPP\PEEPM\PEEPM\RELEASE\PEEPMCRACK.OBJ
F:\MYAPP\PEEPM\PEEPM\RELEASE\PEEPMDLG.OBJ
F:\MYAPP\PEEPM\PEEPM\RELEASE\PEEPMUI.OBJ
F:\MYAPP\PEEPM\PEEPM\RELEASE\PEEPMUTIL.OBJ
F:\MyApp\peepm\peepm\Release\rc.command.1.tlog
F:\MyApp\peepm\peepm\Release\rc.read.1.tlog
F:\MyApp\peepm\peepm\Release\rc.write.1.tlog
F:\MYAPP\PEEPM\PEEPM\RELEASE\STDAFX.OBJ
F:\MYAPP\PEEPM\PEEPM\RELEASE\URLBROWSER.OBJ
F:\MYAPP\PEEPM\PEEPM\RELEASE\USERCRACK.OBJ
F:\MYAPP\PEEPM\PEEPM\RELEASE\USERSCRACK.OBJ
F:\MYAPP\PEEPM\PEEPM\RELEASE\VC100.PDB
F:\MYAPP\PEEPM\RELEASE\PEEPM.EXE
F:\MYAPP\PEEPM\RELEASE\PEEPM.PDB
